#
# There is insufficient memory for the Java Runtime Environment to continue.
# Native memory allocation (malloc) failed to allocate 579056 bytes for Chunk::new
# Possible reasons:
#   The system is out of physical RAM or swap space
#   In 32 bit mode, the process size limit was hit
# Possible solutions:
#   Reduce memory load on the system
#   Increase physical memory or swap space
#   Check if swap backing store is full
#   Use 64 bit Java on a 64 bit OS
#   Decrease Java heap size (-Xmx/-Xms)
#   Decrease number of Java threads
#   Decrease Java thread stack sizes (-Xss)
#   Set larger code cache with -XX:ReservedCodeCacheSize=
# This output file may be truncated or incomplete.
#
#  Out of Memory Error (allocation.cpp:323), pid=9172, tid=7960
#
# JRE version: Java(TM) SE Runtime Environment (7.0_80-b15) (build 1.7.0_80-b15)
# Java VM: Java HotSpot(TM) 64-Bit Server VM (24.80-b11 mixed mode windows-amd64 compressed oops)
# Failed to write core dump. Minidumps are not enabled by default on client versions of Windows
#

---------------  T H R E A D  ---------------

Current thread (0x0000000002ab7800):  JavaThread "C2 CompilerThread1" daemon [_thread_in_native, id=7960, stack(0x000000000bb80000,0x000000000bc80000)]

Stack: [0x000000000bb80000,0x000000000bc80000]

Current CompileTask:
C2:   5278  443             org.codehaus.groovy.control.ResolveVisitor::resolveFromStaticInnerClasses (118 bytes)


---------------  P R O C E S S  ---------------

Java Threads: ( => current thread )
  0x000000000d0d4800 JavaThread "File lock request listener" [_thread_in_native, id=4620, stack(0x000000000e0c0000,0x000000000e1c0000)]
  0x000000000c7ec000 JavaThread "Stdin handler" [_thread_blocked, id=12752, stack(0x000000000dfc0000,0x000000000e0c0000)]
  0x000000000c899000 JavaThread "Daemon worker" [_thread_in_vm, id=6888, stack(0x000000000dec0000,0x000000000dfc0000)]
  0x000000000c882000 JavaThread "Cancel handler" [_thread_blocked, id=5084, stack(0x000000000ddc0000,0x000000000dec0000)]
  0x000000000c881800 JavaThread "Handler for socket connection from /127.0.0.1:58179 to /127.0.0.1:58180" [_thread_in_native, id=12260, stack(0x000000000dcc0000,0x000000000ddc0000)]
  0x000000000c9e1000 JavaThread "Daemon" [_thread_blocked, id=7004, stack(0x000000000dbc0000,0x000000000dcc0000)]
  0x000000000ca36800 JavaThread "Incoming local TCP Connector on port 58179" [_thread_in_native, id=12080, stack(0x000000000dac0000,0x000000000dbc0000)]
  0x0000000002aba800 JavaThread "Service Thread" daemon [_thread_blocked, id=4228, stack(0x000000000bc80000,0x000000000bd80000)]
=>0x0000000002ab7800 JavaThread "C2 CompilerThread1" daemon [_thread_in_native, id=7960, stack(0x000000000bb80000,0x000000000bc80000)]
  0x0000000002ab6000 JavaThread "C2 CompilerThread0" daemon [_thread_blocked, id=8308, stack(0x000000000ba80000,0x000000000bb80000)]
  0x0000000002ab5000 JavaThread "Attach Listener" daemon [_thread_blocked, id=8132, stack(0x000000000b980000,0x000000000ba80000)]
  0x0000000002ab0800 JavaThread "Signal Dispatcher" daemon [_thread_blocked, id=6116, stack(0x000000000b880000,0x000000000b980000)]
  0x000000000949a800 JavaThread "Finalizer" daemon [_thread_blocked, id=11100, stack(0x000000000b380000,0x000000000b480000)]
  0x0000000009499800 JavaThread "Reference Handler" daemon [_thread_blocked, id=11048, stack(0x000000000b280000,0x000000000b380000)]
  0x00000000029c0800 JavaThread "main" [_thread_blocked, id=10664, stack(0x00000000028a0000,0x00000000029a0000)]

Other Threads:
  0x0000000009496000 VMThread [stack: 0x000000000b180000,0x000000000b280000] [id=12660]
  0x000000000b4ae000 WatcherThread [stack: 0x000000000bd80000,0x000000000be80000] [id=12024]

VM state:not at safepoint (normal execution)

VM Mutex/Monitor currently owned by a thread: None

Heap
 PSYoungGen      total 238592K, used 24181K [0x00000000eaa80000, 0x0000000100000000, 0x0000000100000000)
  eden space 227328K, 5% used [0x00000000eaa80000,0x00000000eb768a00,0x00000000f8880000)
  from space 11264K, 97% used [0x00000000f8880000,0x00000000f9334ba8,0x00000000f9380000)
  to   space 12288K, 0% used [0x00000000ff400000,0x00000000ff400000,0x0000000100000000)
 ParOldGen       total 150016K, used 8381K [0x00000000c0000000, 0x00000000c9280000, 0x00000000eaa80000)
  object space 150016K, 5% used [0x00000000c0000000,0x00000000c082f610,0x00000000c9280000)
 PSPermGen       total 25600K, used 25166K [0x00000000b0000000, 0x00000000b1900000, 0x00000000c0000000)
  object space 25600K, 98% used [0x00000000b0000000,0x00000000b1893a08,0x00000000b1900000)

Card table byte_map: [0x0000000005bc0000,0x0000000005e50000] byte_map_base: 0x0000000005640000

Polling page: 0x0000000001100000

Code Cache  [0x0000000002bc0000, 0x0000000002e50000, 0x0000000005bc0000)
 total_blobs=1005 nmethods=428 adapters=529 free_code_cache=46616Kb largest_free_block=47703232

Compilation events (10 events):
Event: 5.231 Thread 0x0000000002ab6000  454             sun.security.provider.MD5::GG (33 bytes)
Event: 5.231 Thread 0x0000000002ab6000 nmethod 454 0x0000000002e2eb90 code [0x0000000002e2ecc0, 0x0000000002e2ed38]
Event: 5.231 Thread 0x0000000002ab6000  455             sun.security.provider.MD5::HH (29 bytes)
Event: 5.232 Thread 0x0000000002ab6000 nmethod 455 0x0000000002e401d0 code [0x0000000002e40300, 0x0000000002e40378]
Event: 5.232 Thread 0x0000000002ab6000  456             sun.security.provider.MD5::II (31 bytes)
Event: 5.232 Thread 0x0000000002ab6000 nmethod 456 0x0000000002e3ff90 code [0x0000000002e400c0, 0x0000000002e40138]
Event: 5.241 Thread 0x0000000002ab6000  457             java.lang.Object::equals (11 bytes)
Event: 5.241 Thread 0x0000000002ab6000 nmethod 457 0x0000000002c81c50 code [0x0000000002c81d80, 0x0000000002c81dd8]
Event: 5.263 Thread 0x0000000002ab6000  458             java.lang.Class$MethodArray::length (5 bytes)
Event: 5.263 Thread 0x0000000002ab6000 nmethod 458 0x0000000002c81a50 code [0x0000000002c81b80, 0x0000000002c81bd8]

GC Heap History (10 events):
Event: 2.892 GC heap before
{Heap before GC invocations=3 (full 0):
 PSYoungGen      total 66048K, used 66028K [0x00000000eaa80000, 0x00000000ef400000, 0x0000000100000000)
  eden space 56832K, 100% used [0x00000000eaa80000,0x00000000ee200000,0x00000000ee200000)
  from space 9216K, 99% used [0x00000000eeb00000,0x00000000ef3fb3e8,0x00000000ef400000)
  to   space 9216K, 0% used [0x00000000ee200000,0x00000000ee200000,0x00000000eeb00000)
 ParOldGen       total 150016K, used 2674K [0x00000000c0000000, 0x00000000c9280000, 0x00000000eaa80000)
  object space 150016K, 1% used [0x00000000c0000000,0x00000000c029ca78,0x00000000c9280000)
 PSPermGen       total 21504K, used 20297K [0x00000000b0000000, 0x00000000b1500000, 0x00000000c0000000)
  object space 21504K, 94% used [0x00000000b0000000,0x00000000b13d2720,0x00000000b1500000)
Event: 2.899 GC heap after
Heap after GC invocations=3 (full 0):
 PSYoungGen      total 66048K, used 6864K [0x00000000eaa80000, 0x00000000f2b80000, 0x0000000100000000)
  eden space 56832K, 0% used [0x00000000eaa80000,0x00000000eaa80000,0x00000000ee200000)
  from space 9216K, 74% used [0x00000000ee200000,0x00000000ee8b4330,0x00000000eeb00000)
  to   space 9216K, 0% used [0x00000000f2280000,0x00000000f2280000,0x00000000f2b80000)
 ParOldGen       total 150016K, used 2682K [0x00000000c0000000, 0x00000000c9280000, 0x00000000eaa80000)
  object space 150016K, 1% used [0x00000000c0000000,0x00000000c029ea78,0x00000000c9280000)
 PSPermGen       total 21504K, used 20297K [0x00000000b0000000, 0x00000000b1500000, 0x00000000c0000000)
  object space 21504K, 94% used [0x00000000b0000000,0x00000000b13d2720,0x00000000b1500000)
}
Event: 3.058 GC heap before
{Heap before GC invocations=4 (full 0):
 PSYoungGen      total 66048K, used 63696K [0x00000000eaa80000, 0x00000000f2b80000, 0x0000000100000000)
  eden space 56832K, 100% used [0x00000000eaa80000,0x00000000ee200000,0x00000000ee200000)
  from space 9216K, 74% used [0x00000000ee200000,0x00000000ee8b4330,0x00000000eeb00000)
  to   space 9216K, 0% used [0x00000000f2280000,0x00000000f2280000,0x00000000f2b80000)
 ParOldGen       total 150016K, used 2682K [0x00000000c0000000, 0x00000000c9280000, 0x00000000eaa80000)
  object space 150016K, 1% used [0x00000000c0000000,0x00000000c029ea78,0x00000000c9280000)
 PSPermGen       total 21504K, used 20310K [0x00000000b0000000, 0x00000000b1500000, 0x00000000c0000000)
  object space 21504K, 94% used [0x00000000b0000000,0x00000000b13d5858,0x00000000b1500000)
Event: 3.064 GC heap after
Heap after GC invocations=4 (full 0):
 PSYoungGen      total 122880K, used 6836K [0x00000000eaa80000, 0x00000000f2b80000, 0x0000000100000000)
  eden space 113664K, 0% used [0x00000000eaa80000,0x00000000eaa80000,0x00000000f1980000)
  from space 9216K, 74% used [0x00000000f2280000,0x00000000f292d110,0x00000000f2b80000)
  to   space 9216K, 0% used [0x00000000f1980000,0x00000000f1980000,0x00000000f2280000)
 ParOldGen       total 150016K, used 2682K [0x00000000c0000000, 0x00000000c9280000, 0x00000000eaa80000)
  object space 150016K, 1% used [0x00000000c0000000,0x00000000c029ea78,0x00000000c9280000)
 PSPermGen       total 21504K, used 20310K [0x00000000b0000000, 0x00000000b1500000, 0x00000000c0000000)
  object space 21504K, 94% used [0x00000000b0000000,0x00000000b13d5858,0x00000000b1500000)
}
Event: 3.485 GC heap before
{Heap before GC invocations=5 (full 0):
 PSYoungGen      total 122880K, used 120500K [0x00000000eaa80000, 0x00000000f2b80000, 0x0000000100000000)
  eden space 113664K, 100% used [0x00000000eaa80000,0x00000000f1980000,0x00000000f1980000)
  from space 9216K, 74% used [0x00000000f2280000,0x00000000f292d110,0x00000000f2b80000)
  to   space 9216K, 0% used [0x00000000f1980000,0x00000000f1980000,0x00000000f2280000)
 ParOldGen       total 150016K, used 2682K [0x00000000c0000000, 0x00000000c9280000, 0x00000000eaa80000)
  object space 150016K, 1% used [0x00000000c0000000,0x00000000c029ea78,0x00000000c9280000)
 PSPermGen       total 21504K, used 20337K [0x00000000b0000000, 0x00000000b1500000, 0x00000000c0000000)
  object space 21504K, 94% used [0x00000000b0000000,0x00000000b13dc510,0x00000000b1500000)
Event: 3.493 GC heap after
Heap after GC invocations=5 (full 0):
 PSYoungGen      total 122880K, used 7448K [0x00000000eaa80000, 0x00000000f9f80000, 0x0000000100000000)
  eden space 113664K, 0% used [0x00000000eaa80000,0x00000000eaa80000,0x00000000f1980000)
  from space 9216K, 80% used [0x00000000f1980000,0x00000000f20c6110,0x00000000f2280000)
  to   space 11776K, 0% used [0x00000000f9400000,0x00000000f9400000,0x00000000f9f80000)
 ParOldGen       total 150016K, used 2690K [0x00000000c0000000, 0x00000000c9280000, 0x00000000eaa80000)
  object space 150016K, 1% used [0x00000000c0000000,0x00000000c02a0a78,0x00000000c9280000)
 PSPermGen       total 21504K, used 20337K [0x00000000b0000000, 0x00000000b1500000, 0x00000000c0000000)
  object space 21504K, 94% used [0x00000000b0000000,0x00000000b13dc510,0x00000000b1500000)
}
Event: 3.848 GC heap before
{Heap before GC invocations=6 (full 0):
 PSYoungGen      total 122880K, used 121112K [0x00000000eaa80000, 0x00000000f9f80000, 0x0000000100000000)
  eden space 113664K, 100% used [0x00000000eaa80000,0x00000000f1980000,0x00000000f1980000)
  from space 9216K, 80% used [0x00000000f1980000,0x00000000f20c6110,0x00000000f2280000)
  to   space 11776K, 0% used [0x00000000f9400000,0x00000000f9400000,0x00000000f9f80000)
 ParOldGen       total 150016K, used 2690K [0x00000000c0000000, 0x00000000c9280000, 0x00000000eaa80000)
  object space 150016K, 1% used [0x00000000c0000000,0x00000000c02a0a78,0x00000000c9280000)
 PSPermGen       total 21504K, used 20361K [0x00000000b0000000, 0x00000000b1500000, 0x00000000c0000000)
  object space 21504K, 94% used [0x00000000b0000000,0x00000000b13e2488,0x00000000b1500000)
Event: 3.857 GC heap after
Heap after GC invocations=6 (full 0):
 PSYoungGen      total 238080K, used 8052K [0x00000000eaa80000, 0x00000000f9e80000, 0x0000000100000000)
  eden space 227328K, 0% used [0x00000000eaa80000,0x00000000eaa80000,0x00000000f8880000)
  from space 10752K, 74% used [0x00000000f9400000,0x00000000f9bdd120,0x00000000f9e80000)
  to   space 11264K, 0% used [0x00000000f8880000,0x00000000f8880000,0x00000000f9380000)
 ParOldGen       total 150016K, used 2698K [0x00000000c0000000, 0x00000000c9280000, 0x00000000eaa80000)
  object space 150016K, 1% used [0x00000000c0000000,0x00000000c02a2a78,0x00000000c9280000)
 PSPermGen       total 21504K, used 20361K [0x00000000b0000000, 0x00000000b1500000, 0x00000000c0000000)
  object space 21504K, 94% used [0x00000000b0000000,0x00000000b13e2488,0x00000000b1500000)
}
Event: 5.120 GC heap before
{Heap before GC invocations=7 (full 0):
 PSYoungGen      total 238080K, used 235380K [0x00000000eaa80000, 0x00000000f9e80000, 0x0000000100000000)
  eden space 227328K, 100% used [0x00000000eaa80000,0x00000000f8880000,0x00000000f8880000)
  from space 10752K, 74% used [0x00000000f9400000,0x00000000f9bdd120,0x00000000f9e80000)
  to   space 11264K, 0% used [0x00000000f8880000,0x00000000f8880000,0x00000000f9380000)
 ParOldGen       total 150016K, used 2698K [0x00000000c0000000, 0x00000000c9280000, 0x00000000eaa80000)
  object space 150016K, 1% used [0x00000000c0000000,0x00000000c02a2a78,0x00000000c9280000)
 PSPermGen       total 25088K, used 24925K [0x00000000b0000000, 0x00000000b1880000, 0x00000000c0000000)
  object space 25088K, 99% used [0x00000000b0000000,0x00000000b1857798,0x00000000b1880000)
Event: 5.135 GC heap after
Heap after GC invocations=7 (full 0):
 PSYoungGen      total 238592K, used 10962K [0x00000000eaa80000, 0x0000000100000000, 0x0000000100000000)
  eden space 227328K, 0% used [0x00000000eaa80000,0x00000000eaa80000,0x00000000f8880000)
  from space 11264K, 97% used [0x00000000f8880000,0x00000000f9334ba8,0x00000000f9380000)
  to   space 12288K, 0% used [0x00000000ff400000,0x00000000ff400000,0x0000000100000000)
 ParOldGen       total 150016K, used 8381K [0x00000000c0000000, 0x00000000c9280000, 0x00000000eaa80000)
  object space 150016K, 5% used [0x00000000c0000000,0x00000000c082f610,0x00000000c9280000)
 PSPermGen       total 25088K, used 24925K [0x00000000b0000000, 0x00000000b1880000, 0x00000000c0000000)
  object space 25088K, 99% used [0x00000000b0000000,0x00000000b1857798,0x00000000b1880000)
}

Deoptimization events (10 events):
Event: 3.904 Thread 0x000000000c899000 Uncommon trap: reason=unstable_if action=reinterpret pc=0x0000000002c67ff0 method=java.util.HashMap.get(Ljava/lang/Object;)Ljava/lang/Object; @ 1
Event: 3.964 Thread 0x000000000c899000 Uncommon trap: reason=unstable_if action=reinterpret pc=0x0000000002c99970 method=java.lang.String.lastIndexOf([CII[CIII)I @ 66
Event: 4.025 Thread 0x000000000c899000 Uncommon trap: reason=class_check action=maybe_recompile pc=0x0000000002cc7624 method=java.util.HashMap$KeySet.iterator()Ljava/util/Iterator; @ 4
Event: 4.038 Thread 0x000000000c899000 Uncommon trap: reason=class_check action=maybe_recompile pc=0x0000000002c791b8 method=sun.misc.URLClassPath.getLoader(I)Lsun/misc/URLClassPath$Loader; @ 94
Event: 4.038 Thread 0x000000000c899000 Uncommon trap: reason=unstable_if action=reinterpret pc=0x0000000002c9f894 method=java.net.URL.<init>(Ljava/net/URL;Ljava/lang/String;Ljava/net/URLStreamHandler;)V @ 273
Event: 4.154 Thread 0x000000000c899000 Uncommon trap: reason=unstable_if action=reinterpret pc=0x0000000002c3294c method=java.lang.Class$MethodArray.addIfNotPresent(Ljava/lang/reflect/Method;)V @ 19
Event: 4.467 Thread 0x000000000c899000 Uncommon trap: reason=null_check action=make_not_entrant pc=0x0000000002e02078 method=groovy.lang.MetaClassImpl.getPropName(Ljava/lang/String;)Ljava/lang/String; @ 9
Event: 4.563 Thread 0x000000000c899000 Uncommon trap: reason=null_check action=make_not_entrant pc=0x0000000002e20cbc method=groovy.lang.MetaClassImpl.createMetaBeanProperty(Lorg/codehaus/groovy/util/SingleKeyHashMap;Ljava/lang/String;ZLgroovy/lang/MetaMethod;)V @ 5
Event: 5.250 Thread 0x000000000c899000 Uncommon trap: reason=class_check action=maybe_recompile pc=0x0000000002dfb468 method=org.codehaus.groovy.runtime.metaclass.MetaMethodIndex.addMethodToList(Ljava/lang/Object;Lgroovy/lang/MetaMethod;)Ljava/lang/Object; @ 218
Event: 5.251 Thread 0x000000000c899000 Uncommon trap: reason=class_check action=maybe_recompile pc=0x0000000002dfb468 method=org.codehaus.groovy.runtime.metaclass.MetaMethodIndex.addMethodToList(Ljava/lang/Object;Lgroovy/lang/MetaMethod;)Ljava/lang/Object; @ 218

Internal exceptions (10 events):
Event: 5.274 Thread 0x000000000c899000 Threw 0x00000000eb3b4250 at C:\re\jdk7u80\2329\hotspot\src\share\vm\prims\jvm.cpp:1319
Event: 5.274 Thread 0x000000000c899000 Threw 0x00000000eb3b5460 at C:\re\jdk7u80\2329\hotspot\src\share\vm\prims\jvm.cpp:1319
Event: 5.274 Thread 0x000000000c899000 Threw 0x00000000eb3bc3f0 at C:\re\jdk7u80\2329\hotspot\src\share\vm\prims\jvm.cpp:1319
Event: 5.275 Thread 0x000000000c899000 Threw 0x00000000eb3ced30 at C:\re\jdk7u80\2329\hotspot\src\share\vm\prims\jvm.cpp:1319
Event: 5.276 Thread 0x000000000c899000 Threw 0x00000000eb3d2f10 at C:\re\jdk7u80\2329\hotspot\src\share\vm\prims\jvm.cpp:1319
Event: 5.276 Thread 0x000000000c899000 Threw 0x00000000eb3d3e18 at C:\re\jdk7u80\2329\hotspot\src\share\vm\prims\jvm.cpp:1319
Event: 5.276 Thread 0x000000000c899000 Threw 0x00000000eb3dbb68 at C:\re\jdk7u80\2329\hotspot\src\share\vm\prims\jvm.cpp:1319
Event: 5.276 Thread 0x000000000c899000 Threw 0x00000000eb3de3c0 at C:\re\jdk7u80\2329\hotspot\src\share\vm\prims\jvm.cpp:1319
Event: 5.276 Thread 0x000000000c899000 Threw 0x00000000eb3df1a0 at C:\re\jdk7u80\2329\hotspot\src\share\vm\prims\jvm.cpp:1319
Event: 5.276 Thread 0x000000000c899000 Threw 0x00000000eb3e5a48 at C:\re\jdk7u80\2329\hotspot\src\share\vm\prims\jvm.cpp:1319

Events (10 events):
Event: 5.273 loading class 0x000000000d3acb50
Event: 5.273 loading class 0x000000000d3acb50 done
Event: 5.274 loading class 0x000000000d736a00
Event: 5.274 loading class 0x000000000d736a00 done
Event: 5.275 loading class 0x000000000e2eab40
Event: 5.275 loading class 0x000000000e2eab40 done
Event: 5.276 loading class 0x000000000d3ad410
Event: 5.276 loading class 0x000000000d3ad410 done
Event: 5.276 loading class 0x000000000cf03250
Event: 5.276 loading class 0x000000000cf03250 done


Dynamic libraries:
0x00007ff7a3030000 - 0x00007ff7a3063000 	D:\Program Files\Java\jdk1.7.0_80\bin\java.exe
0x00007ffda6db0000 - 0x00007ffda6f71000 	C:\Windows\SYSTEM32\ntdll.dll
0x00007ffda44e0000 - 0x00007ffda458d000 	C:\Windows\system32\KERNEL32.DLL
0x00007ffda3510000 - 0x00007ffda36f8000 	C:\Windows\system32\KERNELBASE.dll
0x00007ffda41c0000 - 0x00007ffda4267000 	C:\Windows\system32\ADVAPI32.dll
0x00007ffda6200000 - 0x00007ffda629d000 	C:\Windows\system32\msvcrt.dll
0x00007ffda65a0000 - 0x00007ffda65fb000 	C:\Windows\system32\sechost.dll
0x00007ffda4590000 - 0x00007ffda46ac000 	C:\Windows\system32\RPCRT4.dll
0x00007ffda5c80000 - 0x00007ffda5dd6000 	C:\Windows\system32\USER32.dll
0x00007ffda4270000 - 0x00007ffda43f6000 	C:\Windows\system32\GDI32.dll
0x00007ffd9e8e0000 - 0x00007ffd9eb54000 	C:\Windows\WinSxS\amd64_microsoft.windows.common-controls_6595b64144ccf1df_6.0.10586.494_none_a2d8b04ea53e3145\COMCTL32.dll
0x00007ffda6320000 - 0x00007ffda659d000 	C:\Windows\system32\combase.dll
0x00007ffda4070000 - 0x00007ffda40da000 	C:\Windows\system32\bcryptPrimitives.dll
0x00007ffda6c60000 - 0x00007ffda6c9b000 	C:\Windows\system32\IMM32.DLL
0x0000000068060000 - 0x0000000068132000 	D:\Program Files\Java\jdk1.7.0_80\jre\bin\msvcr100.dll
0x0000000067880000 - 0x0000000068059000 	D:\Program Files\Java\jdk1.7.0_80\jre\bin\server\jvm.dll
0x00007ffda4400000 - 0x00007ffda4408000 	C:\Windows\system32\PSAPI.DLL
0x00007ffda08e0000 - 0x00007ffda08e9000 	C:\Windows\SYSTEM32\WSOCK32.dll
0x00007ffda1470000 - 0x00007ffda1493000 	C:\Windows\SYSTEM32\WINMM.dll
0x00007ffda62a0000 - 0x00007ffda630b000 	C:\Windows\system32\WS2_32.dll
0x00007ffda1370000 - 0x00007ffda139c000 	C:\Windows\SYSTEM32\WINMMBASE.dll
0x00007ffda4160000 - 0x00007ffda41a3000 	C:\Windows\system32\cfgmgr32.dll
0x0000000068200000 - 0x000000006820f000 	D:\Program Files\Java\jdk1.7.0_80\jre\bin\verify.dll
0x00000000681d0000 - 0x00000000681f8000 	D:\Program Files\Java\jdk1.7.0_80\jre\bin\java.dll
0x00000000681b0000 - 0x00000000681c6000 	D:\Program Files\Java\jdk1.7.0_80\jre\bin\zip.dll
0x0000000068190000 - 0x00000000681aa000 	D:\Program Files\Java\jdk1.7.0_80\jre\bin\net.dll
0x00007ffda2ca0000 - 0x00007ffda2cfc000 	C:\Windows\system32\mswsock.dll
0x0000000068170000 - 0x0000000068181000 	D:\Program Files\Java\jdk1.7.0_80\jre\bin\nio.dll
0x00007ffd93dd0000 - 0x00007ffd93de2000 	D:\Dev\gradlerepo\native\19\windows-amd64\native-platform.dll
0x00007ffda6d50000 - 0x00007ffda6da2000 	C:\Windows\system32\SHLWAPI.dll
0x00007ffd9ab50000 - 0x00007ffd9ab88000 	C:\Windows\SYSTEM32\IPHLPAPI.DLL
0x00007ffda41b0000 - 0x00007ffda41b8000 	C:\Windows\system32\NSI.dll
0x00007ffd9a060000 - 0x00007ffd9a076000 	C:\Windows\SYSTEM32\dhcpcsvc6.DLL
0x00007ffd9a020000 - 0x00007ffd9a03a000 	C:\Windows\SYSTEM32\dhcpcsvc.DLL
0x00007ffda2d50000 - 0x00007ffda2d67000 	C:\Windows\SYSTEM32\CRYPTSP.dll
0x00007ffda29e0000 - 0x00007ffda2a14000 	C:\Windows\system32\rsaenh.dll
0x00007ffda3300000 - 0x00007ffda3329000 	C:\Windows\SYSTEM32\bcrypt.dll
0x00007ffda2b30000 - 0x00007ffda2b4f000 	C:\Windows\SYSTEM32\USERENV.dll
0x00007ffda33d0000 - 0x00007ffda33e4000 	C:\Windows\system32\profapi.dll
0x00007ffda2e70000 - 0x00007ffda2e7b000 	C:\Windows\SYSTEM32\CRYPTBASE.dll

VM Arguments:
jvm_args: -XX:MaxPermSize=256m -XX:+HeapDumpOnOutOfMemoryError -Xmx1024m -Dfile.encoding=windows-1252 -Duser.country=US -Duser.language=en -Duser.variant 
java_command: org.gradle.launcher.daemon.bootstrap.GradleDaemon 2.5
Launcher Type: SUN_STANDARD

Environment Variables:
JAVA_HOME=D:\Program Files\Java\jdk1.7.0_79
PATH=C:\Program Files (x86)\Intel\iCLS Client\;C:\Program Files\Intel\iCLS Client\;C:\Windows\system32;C:\Windows;C:\Windows\System32\Wbem;C:\Windows\System32\WindowsPowerShell\v1.0\;C:\Program Files (x86)\Intel\Intel(R) Management Engine Components\DAL;C:\Program Files\Intel\Intel(R) Management Engine Components\DAL;C:\Program Files (x86)\Intel\Intel(R) Management Engine Components\IPT;C:\Program Files\Intel\Intel(R) Management Engine Components\IPT;C:\Program Files (x86)\NVIDIA Corporation\PhysX\Common;D:\Program Files\MySQL\MySQL Fabric 1.5 & MySQL Utilities 1.5\;D:\Program Files\MySQL\MySQL Fabric 1.5 & MySQL Utilities 1.5\Doctrine extensions for PHP\;D:\Dev\sonar-scanner-2.5\bin;D:\Program Files\nodejs\;D:\npm-data\npm;D:\Program Files (x86)\scala\\bin;D:\Dev\apache-maven-3.3.9\bin;D:\Program Files (x86)\OpenSSH\bin;D:\Dev\openshiftclient;D:\Dev\activator-dist-1.3.10\bin;D:\Program Files\Git\cmd;D:\Vagrant\bin;C:\Program Files\Intel\WiFi\bin\;C:\Program Files\Common Files\Intel\WirelessCommon\;D:\concourse;D:\cloudfoundry;D:\Ruby193\bin;C:\Users\SIB\AppData\Roaming\npm;D:\Program Files\Docker Toolbox
USERNAME=SIB
OS=Windows_NT
PROCESSOR_IDENTIFIER=Intel64 Family 6 Model 94 Stepping 3, GenuineIntel



---------------  S Y S T E M  ---------------

OS: Windows 8.1 , 64 bit Build 9600 

CPU:total 8 (4 cores per cpu, 2 threads per core) family 6 model 94 stepping 3, cmov, cx8, fxsr, mmx, sse, sse2, sse3, ssse3, sse4.1, sse4.2, popcnt, avx, avx2, aes, erms, ht, tsc, tscinvbit

Memory: 4k page, physical 14431192k(2338200k free), swap 14693336k(6860k free)

vm_info: Java HotSpot(TM) 64-Bit Server VM (24.80-b11) for windows-amd64 JRE (1.7.0_80-b15), built on Apr 10 2015 11:26:34 by "java_re" with unknown MS VC++:1600

time: Tue Aug 16 13:50:43 2016
elapsed time: 5 seconds

